<?xml version="1.0" encoding="UTF-8"?>
<!-- Generated by org.testng.reporters.JUnitReportReporter -->
<testsuite skipped="0" hostname="DESKTOP-MJAGTJA" name="test2" tests="1" failures="0" timestamp="02 May 2020 08:37:04 GMT" time="52.611" errors="0">
  <testcase name="hacer_una_compra" time="52.611" classname="test2"/>
</testsuite> <!-- test2 -->
