<?xml version="1.0" encoding="UTF-8"?>
<!-- Generated by org.testng.reporters.JUnitReportReporter -->
<testsuite skipped="0" hostname="DESKTOP-MJAGTJA" name="test" tests="1" failures="0" timestamp="03 May 2020 07:20:06 GMT" time="38.045" errors="0">
  <testcase name="hacer_una_compra" time="38.045" classname="test"/>
</testsuite> <!-- test -->
