<?xml version="1.0" encoding="UTF-8"?>
<!-- Generated by org.testng.reporters.JUnitReportReporter -->
<testsuite skipped="0" hostname="DESKTOP-MJAGTJA" name="test4" tests="2" failures="0" timestamp="03 May 2020 08:23:14 GMT" time="75.279" errors="0">
  <testcase name="hacer_una_compra" time="37.012" classname="test4"/>
  <testcase name="hacer_una_compra" time="38.267" classname="test4"/>
</testsuite> <!-- test4 -->
