<?xml version="1.0" encoding="UTF-8"?>
<!-- Generated by org.testng.reporters.JUnitReportReporter -->
<testsuite skipped="0" hostname="DESKTOP-MJAGTJA" name="test4" tests="1" failures="0" timestamp="02 May 2020 08:30:16 GMT" time="37.733" errors="0">
  <testcase name="hacer_una_compra" time="37.733" classname="test4"/>
</testsuite> <!-- test4 -->
