<?xml version="1.0" encoding="UTF-8"?>
<!-- Generated by org.testng.reporters.JUnitReportReporter -->
<testsuite skipped="0" hostname="DESKTOP-MJAGTJA" name="test" tests="2" failures="0" timestamp="03 May 2020 08:23:14 GMT" time="77.932" errors="0">
  <testcase name="hacer_una_compra" time="38.149" classname="test"/>
  <testcase name="hacer_una_compra" time="39.783" classname="test"/>
</testsuite> <!-- test -->
