<?xml version="1.0" encoding="UTF-8"?>
<!-- Generated by org.testng.reporters.JUnitReportReporter -->
<testsuite skipped="0" hostname="DESKTOP-MJAGTJA" name="test3" tests="1" failures="0" timestamp="02 May 2020 08:30:16 GMT" time="39.177" errors="0">
  <testcase name="hacer_una_compra" time="39.177" classname="test3"/>
</testsuite> <!-- test3 -->
