<?xml version="1.0" encoding="UTF-8"?>
<!-- Generated by org.testng.reporters.JUnitReportReporter -->
<testsuite skipped="0" hostname="DESKTOP-MJAGTJA" name="test2" tests="2" failures="0" timestamp="03 May 2020 08:23:14 GMT" time="76.189" errors="0">
  <testcase name="hacer_una_compra" time="37.777" classname="test2"/>
  <testcase name="hacer_una_compra" time="38.412" classname="test2"/>
</testsuite> <!-- test2 -->
