<?xml version="1.0" encoding="UTF-8"?>
<!-- Generated by org.testng.reporters.JUnitReportReporter -->
<testsuite skipped="0" hostname="DESKTOP-MJAGTJA" name="test3" tests="2" failures="0" timestamp="03 May 2020 08:23:14 GMT" time="79.364" errors="0">
  <testcase name="hacer_una_compra" time="40.538" classname="test3"/>
  <testcase name="hacer_una_compra" time="38.826" classname="test3"/>
</testsuite> <!-- test3 -->
